<?xml version="1.0" encoding="UTF-8"?>
<!-- Generated by org.testng.reporters.JUnitReportReporter -->
<testsuite hostname="Ishan-Verma" failures="0" tests="2" name="com.herohuapp.Test.CheckboxesPage_Test" time="1.736" errors="0" timestamp="2024-03-31T23:07:06 EDT" skipped="0">
  <testcase classname="com.herohuapp.Test.CheckboxesPage_Test" name="VerifyCheckboxes_linkBtn" time="0.611"/>
  <system-out/>
  <testcase classname="com.herohuapp.Test.CheckboxesPage_Test" name="verifycheckboxes_Btn" time="1.125"/>
  <system-out/>
</testsuite> <!-- com.herohuapp.Test.CheckboxesPage_Test -->
