<?xml version="1.0" encoding="UTF-8"?>
<!-- Generated by org.testng.reporters.JUnitReportReporter -->
<testsuite hostname="Ishan-Verma" failures="0" tests="3" name="com.herohuapp.Test.Add_RemoveElementPage_Test" time="2.175" errors="0" timestamp="2024-03-31T23:07:06 EDT" skipped="0">
  <testcase classname="com.herohuapp.Test.Add_RemoveElementPage_Test" name="Test_clickonAdd_RemoveElements" time="1.108"/>
  <system-out/>
  <testcase classname="com.herohuapp.Test.Add_RemoveElementPage_Test" name="Test_clickAddElement" time="0.480"/>
  <system-out/>
  <testcase classname="com.herohuapp.Test.Add_RemoveElementPage_Test" name="Test_deleteBtn" time="0.587"/>
  <system-out/>
</testsuite> <!-- com.herohuapp.Test.Add_RemoveElementPage_Test -->
