<?xml version="1.0" encoding="UTF-8"?>
<!-- Generated by org.testng.reporters.JUnitReportReporter -->
<testsuite hostname="Ishan-Verma" failures="0" tests="1" name="com.herohuapp.Test.LandingPage_Test" time="0.901" errors="0" timestamp="2024-03-20T00:12:34 EDT" skipped="0">
  <testcase classname="com.herohuapp.Test.LandingPage_Test" name="clickonAdd_RemoveElements" time="0.901"/>
  <system-out/>
</testsuite> <!-- com.herohuapp.Test.LandingPage_Test -->
